# JRE version: Java(TM) SE Runtime Environment (8.0_401) (build 1.8.0_401-b10)
# Java VM: Java HotSpot(TM) 64-Bit Server VM (25.401-b10 mixed mode windows-amd64 compressed oops)
Heap:
 PSYoungGen      total 11776K, used 3633K [0x000000076b780000, 0x000000076c980000, 0x00000007c0000000)
  eden space 8704K, 41% used [0x000000076b780000,0x000000076bb0c558,0x000000076c000000)
  from space 3072K, 0% used [0x000000076c680000,0x000000076c680000,0x000000076c980000)
  to   space 4608K, 0% used [0x000000076c080000,0x000000076c080000,0x000000076c500000)
 ParOldGen       total 9728K, used 9673K [0x00000006c2600000, 0x00000006c2f80000, 0x000000076b780000)
  object space 9728K, 99% used [0x00000006c2600000,0x00000006c2f72498,0x00000006c2f80000)
 Metaspace       used 9585K, capacity 10100K, committed 10368K, reserved 1060864K
  class space    used 1099K, capacity 1136K, committed 1152K, reserved 1048576K
GC Heap History (10 events):
Event: 0.405 GC heap before
{Heap before GC invocations=7 (full 1):
 PSYoungGen      total 6656K, used 6144K [0x000000076b780000, 0x000000076c980000, 0x00000007c0000000)
  eden space 6144K, 100% used [0x000000076b780000,0x000000076bd80000,0x000000076bd80000)
  from space 512K, 0% used [0x000000076bd80000,0x000000076bd80000,0x000000076be00000)
  to   space 3072K, 0% used [0x000000076c680000,0x000000076c680000,0x000000076c980000)
 ParOldGen       total 9728K, used 4227K [0x00000006c2600000, 0x00000006c2f80000, 0x000000076b780000)
  object space 9728K, 43% used [0x00000006c2600000,0x00000006c2a20da0,0x00000006c2f80000)
 Metaspace       used 7480K, capacity 8308K, committed 8448K, reserved 1056768K
  class space    used 903K, capacity 944K, committed 1024K, reserved 1048576K
Event: 0.407 GC heap after
Heap after GC invocations=7 (full 1):
 PSYoungGen      total 11776K, used 3043K [0x000000076b780000, 0x000000076c980000, 0x00000007c0000000)
  eden space 8704K, 0% used [0x000000076b780000,0x000000076b780000,0x000000076c000000)
  from space 3072K, 99% used [0x000000076c680000,0x000000076c978e40,0x000000076c980000)
  to   space 4608K, 0% used [0x000000076c080000,0x000000076c080000,0x000000076c500000)
 ParOldGen       total 9728K, used 5467K [0x00000006c2600000, 0x00000006c2f80000, 0x000000076b780000)
  object space 9728K, 56% used [0x00000006c2600000,0x00000006c2b56da0,0x00000006c2f80000)
 Metaspace       used 7480K, capacity 8308K, committed 8448K, reserved 1056768K
  class space    used 903K, capacity 944K, committed 1024K, reserved 1048576K
}
Event: 0.459 GC heap before
{Heap before GC invocations=8 (full 1):
 PSYoungGen      total 11776K, used 11747K [0x000000076b780000, 0x000000076c980000, 0x00000007c0000000)
  eden space 8704K, 100% used [0x000000076b780000,0x000000076c000000,0x000000076c000000)
  from space 3072K, 99% used [0x000000076c680000,0x000000076c978e40,0x000000076c980000)
  to   space 4608K, 0% used [0x000000076c080000,0x000000076c080000,0x000000076c500000)
 ParOldGen       total 9728K, used 5467K [0x00000006c2600000, 0x00000006c2f80000, 0x000000076b780000)
  object space 9728K, 56% used [0x00000006c2600000,0x00000006c2b56da0,0x00000006c2f80000)
 Metaspace       used 7703K, capacity 8436K, committed 8704K, reserved 1056768K
  class space    used 915K, capacity 944K, committed 1024K, reserved 1048576K
Event: 0.462 GC heap after
Heap after GC invocations=8 (full 1):
 PSYoungGen      total 13312K, used 4587K [0x000000076b780000, 0x000000076c980000, 0x00000007c0000000)
  eden space 8704K, 0% used [0x000000076b780000,0x000000076b780000,0x000000076c000000)
  from space 4608K, 99% used [0x000000076c080000,0x000000076c4facb0,0x000000076c500000)
  to   space 3072K, 0% used [0x000000076c680000,0x000000076c680000,0x000000076c980000)
 ParOldGen       total 9728K, used 5515K [0x00000006c2600000, 0x00000006c2f80000, 0x000000076b780000)
  object space 9728K, 56% used [0x00000006c2600000,0x00000006c2b62da0,0x00000006c2f80000)
 Metaspace       used 7703K, capacity 8436K, committed 8704K, reserved 1056768K
  class space    used 915K, capacity 944K, committed 1024K, reserved 1048576K
}
Event: 0.475 GC heap before
{Heap before GC invocations=9 (full 1):
 PSYoungGen      total 13312K, used 13291K [0x000000076b780000, 0x000000076c980000, 0x00000007c0000000)
  eden space 8704K, 100% used [0x000000076b780000,0x000000076c000000,0x000000076c000000)
  from space 4608K, 99% used [0x000000076c080000,0x000000076c4facb0,0x000000076c500000)
  to   space 3072K, 0% used [0x000000076c680000,0x000000076c680000,0x000000076c980000)
 ParOldGen       total 9728K, used 5515K [0x00000006c2600000, 0x00000006c2f80000, 0x000000076b780000)
  object space 9728K, 56% used [0x00000006c2600000,0x00000006c2b62da0,0x00000006c2f80000)
 Metaspace       used 7710K, capacity 8436K, committed 8704K, reserved 1056768K
  class space    used 915K, capacity 944K, committed 1024K, reserved 1048576K
Event: 0.478 GC heap after
Heap after GC invocations=9 (full 1):
 PSYoungGen      total 11776K, used 3043K [0x000000076b780000, 0x000000076c980000, 0x00000007c0000000)
  eden space 8704K, 0% used [0x000000076b780000,0x000000076b780000,0x000000076c000000)
  from space 3072K, 99% used [0x000000076c680000,0x000000076c978f78,0x000000076c980000)
  to   space 4608K, 0% used [0x000000076c080000,0x000000076c080000,0x000000076c500000)
 ParOldGen       total 9728K, used 8083K [0x00000006c2600000, 0x00000006c2f80000, 0x000000076b780000)
  object space 9728K, 83% used [0x00000006c2600000,0x00000006c2de4df0,0x00000006c2f80000)
 Metaspace       used 7710K, capacity 8436K, committed 8704K, reserved 1056768K
  class space    used 915K, capacity 944K, committed 1024K, reserved 1048576K
}
Event: 0.478 GC heap before
{Heap before GC invocations=10 (full 2):
 PSYoungGen      total 11776K, used 3043K [0x000000076b780000, 0x000000076c980000, 0x00000007c0000000)
  eden space 8704K, 0% used [0x000000076b780000,0x000000076b780000,0x000000076c000000)
  from space 3072K, 99% used [0x000000076c680000,0x000000076c978f78,0x000000076c980000)
  to   space 4608K, 0% used [0x000000076c080000,0x000000076c080000,0x000000076c500000)
 ParOldGen       total 9728K, used 8083K [0x00000006c2600000, 0x00000006c2f80000, 0x000000076b780000)
  object space 9728K, 83% used [0x00000006c2600000,0x00000006c2de4df0,0x00000006c2f80000)
 Metaspace       used 7710K, capacity 8436K, committed 8704K, reserved 1056768K
  class space    used 915K, capacity 944K, committed 1024K, reserved 1048576K
Event: 0.518 GC heap after
Heap after GC invocations=10 (full 2):
 PSYoungGen      total 11776K, used 0K [0x000000076b780000, 0x000000076c980000, 0x00000007c0000000)
  eden space 8704K, 0% used [0x000000076b780000,0x000000076b780000,0x000000076c000000)
  from space 3072K, 0% used [0x000000076c680000,0x000000076c680000,0x000000076c980000)
  to   space 4608K, 0% used [0x000000076c080000,0x000000076c080000,0x000000076c500000)
 ParOldGen       total 9728K, used 8428K [0x00000006c2600000, 0x00000006c2f80000, 0x000000076b780000)
  object space 9728K, 86% used [0x00000006c2600000,0x00000006c2e3b158,0x00000006c2f80000)
 Metaspace       used 7710K, capacity 8436K, committed 8704K, reserved 1056768K
  class space    used 915K, capacity 944K, committed 1024K, reserved 1048576K
}
Event: 0.615 GC heap before
{Heap before GC invocations=11 (full 3):
 PSYoungGen      total 11776K, used 8704K [0x000000076b780000, 0x000000076c980000, 0x00000007c0000000)
  eden space 8704K, 100% used [0x000000076b780000,0x000000076c000000,0x000000076c000000)
  from space 3072K, 0% used [0x000000076c680000,0x000000076c680000,0x000000076c980000)
  to   space 4608K, 0% used [0x000000076c080000,0x000000076c080000,0x000000076c500000)
 ParOldGen       total 9728K, used 8428K [0x00000006c2600000, 0x00000006c2f80000, 0x000000076b780000)
  object space 9728K, 86% used [0x00000006c2600000,0x00000006c2e3b158,0x00000006c2f80000)
 Metaspace       used 8560K, capacity 9172K, committed 9344K, reserved 1056768K
  class space    used 1014K, capacity 1040K, committed 1152K, reserved 1048576K
Event: 0.665 GC heap after
Heap after GC invocations=11 (full 3):
 PSYoungGen      total 11776K, used 73K [0x000000076b780000, 0x000000076c980000, 0x00000007c0000000)
  eden space 8704K, 0% used [0x000000076b780000,0x000000076b792690,0x000000076c000000)
  from space 3072K, 0% used [0x000000076c680000,0x000000076c680000,0x000000076c980000)
  to   space 4608K, 0% used [0x000000076c080000,0x000000076c080000,0x000000076c500000)
 ParOldGen       total 9728K, used 9708K [0x00000006c2600000, 0x00000006c2f80000, 0x000000076b780000)
  object space 9728K, 99% used [0x00000006c2600000,0x00000006c2f7b208,0x00000006c2f80000)
 Metaspace       used 8560K, capacity 9172K, committed 9344K, reserved 1056768K
  class space    used 1014K, capacity 1040K, committed 1152K, reserved 1048576K
}

