# JRE version: Java(TM) SE Runtime Environment (8.0_401) (build 1.8.0_401-b10)
# Java VM: Java HotSpot(TM) 64-Bit Server VM (25.401-b10 mixed mode windows-amd64 compressed oops)
Heap:
 PSYoungGen      total 6656K, used 4735K [0x000000076b780000, 0x000000076c980000, 0x00000007c0000000)
  eden space 6144K, 77% used [0x000000076b780000,0x000000076bc1ffe0,0x000000076bd80000)
  from space 512K, 0% used [0x000000076bd80000,0x000000076bd80000,0x000000076be00000)
  to   space 3072K, 0% used [0x000000076c680000,0x000000076c680000,0x000000076c980000)
 ParOldGen       total 5632K, used 5425K [0x00000006c2600000, 0x00000006c2b80000, 0x000000076b780000)
  object space 5632K, 96% used [0x00000006c2600000,0x00000006c2b4c4d8,0x00000006c2b80000)
 Metaspace       used 7653K, capacity 8436K, committed 8704K, reserved 1056768K
  class space    used 915K, capacity 944K, committed 1024K, reserved 1048576K
GC Heap History (10 events):
Event: 0.201 GC heap before
{Heap before GC invocations=3 (full 0):
 PSYoungGen      total 3584K, used 3498K [0x000000076b780000, 0x000000076bb80000, 0x00000007c0000000)
  eden space 3072K, 97% used [0x000000076b780000,0x000000076ba6eab8,0x000000076ba80000)
  from space 512K, 96% used [0x000000076bb00000,0x000000076bb7c010,0x000000076bb80000)
  to   space 512K, 0% used [0x000000076ba80000,0x000000076ba80000,0x000000076bb00000)
 ParOldGen       total 5632K, used 148K [0x00000006c2600000, 0x00000006c2b80000, 0x000000076b780000)
  object space 5632K, 2% used [0x00000006c2600000,0x00000006c2625030,0x00000006c2b80000)
 Metaspace       used 5057K, capacity 6284K, committed 6656K, reserved 1056768K
  class space    used 621K, capacity 648K, committed 768K, reserved 1048576K
Event: 0.202 GC heap after
Heap after GC invocations=3 (full 0):
 PSYoungGen      total 3584K, used 495K [0x000000076b780000, 0x000000076be80000, 0x00000007c0000000)
  eden space 3072K, 0% used [0x000000076b780000,0x000000076b780000,0x000000076ba80000)
  from space 512K, 96% used [0x000000076ba80000,0x000000076bafbc20,0x000000076bb00000)
  to   space 512K, 0% used [0x000000076be00000,0x000000076be00000,0x000000076be80000)
 ParOldGen       total 5632K, used 652K [0x00000006c2600000, 0x00000006c2b80000, 0x000000076b780000)
  object space 5632K, 11% used [0x00000006c2600000,0x00000006c26a3050,0x00000006c2b80000)
 Metaspace       used 5057K, capacity 6284K, committed 6656K, reserved 1056768K
  class space    used 621K, capacity 648K, committed 768K, reserved 1048576K
}
Event: 0.262 GC heap before
{Heap before GC invocations=4 (full 0):
 PSYoungGen      total 3584K, used 3555K [0x000000076b780000, 0x000000076be80000, 0x00000007c0000000)
  eden space 3072K, 99% used [0x000000076b780000,0x000000076ba7d258,0x000000076ba80000)
  from space 512K, 96% used [0x000000076ba80000,0x000000076bafbc20,0x000000076bb00000)
  to   space 512K, 0% used [0x000000076be00000,0x000000076be00000,0x000000076be80000)
 ParOldGen       total 5632K, used 652K [0x00000006c2600000, 0x00000006c2b80000, 0x000000076b780000)
  object space 5632K, 11% used [0x00000006c2600000,0x00000006c26a3050,0x00000006c2b80000)
 Metaspace       used 6168K, capacity 7276K, committed 7552K, reserved 1056768K
  class space    used 772K, capacity 808K, committed 896K, reserved 1048576K
Event: 0.263 GC heap after
Heap after GC invocations=4 (full 0):
 PSYoungGen      total 6656K, used 496K [0x000000076b780000, 0x000000076be80000, 0x00000007c0000000)
  eden space 6144K, 0% used [0x000000076b780000,0x000000076b780000,0x000000076bd80000)
  from space 512K, 96% used [0x000000076be00000,0x000000076be7c010,0x000000076be80000)
  to   space 512K, 0% used [0x000000076bd80000,0x000000076bd80000,0x000000076be00000)
 ParOldGen       total 5632K, used 989K [0x00000006c2600000, 0x00000006c2b80000, 0x000000076b780000)
  object space 5632K, 17% used [0x00000006c2600000,0x00000006c26f7560,0x00000006c2b80000)
 Metaspace       used 6168K, capacity 7276K, committed 7552K, reserved 1056768K
  class space    used 772K, capacity 808K, committed 896K, reserved 1048576K
}
Event: 0.358 GC heap before
{Heap before GC invocations=5 (full 0):
 PSYoungGen      total 6656K, used 6640K [0x000000076b780000, 0x000000076be80000, 0x00000007c0000000)
  eden space 6144K, 100% used [0x000000076b780000,0x000000076bd80000,0x000000076bd80000)
  from space 512K, 96% used [0x000000076be00000,0x000000076be7c010,0x000000076be80000)
  to   space 512K, 0% used [0x000000076bd80000,0x000000076bd80000,0x000000076be00000)
 ParOldGen       total 5632K, used 989K [0x00000006c2600000, 0x00000006c2b80000, 0x000000076b780000)
  object space 5632K, 17% used [0x00000006c2600000,0x00000006c26f7560,0x00000006c2b80000)
 Metaspace       used 7456K, capacity 8308K, committed 8448K, reserved 1056768K
  class space    used 902K, capacity 944K, committed 1024K, reserved 1048576K
Event: 0.361 GC heap after
Heap after GC invocations=5 (full 0):
 PSYoungGen      total 6656K, used 496K [0x000000076b780000, 0x000000076c980000, 0x00000007c0000000)
  eden space 6144K, 0% used [0x000000076b780000,0x000000076b780000,0x000000076bd80000)
  from space 512K, 96% used [0x000000076bd80000,0x000000076bdfc010,0x000000076be00000)
  to   space 3072K, 0% used [0x000000076c680000,0x000000076c680000,0x000000076c980000)
 ParOldGen       total 5632K, used 3936K [0x00000006c2600000, 0x00000006c2b80000, 0x000000076b780000)
  object space 5632K, 69% used [0x00000006c2600000,0x00000006c29d82e0,0x00000006c2b80000)
 Metaspace       used 7456K, capacity 8308K, committed 8448K, reserved 1056768K
  class space    used 902K, capacity 944K, committed 1024K, reserved 1048576K
}
Event: 0.361 GC heap before
{Heap before GC invocations=6 (full 1):
 PSYoungGen      total 6656K, used 496K [0x000000076b780000, 0x000000076c980000, 0x00000007c0000000)
  eden space 6144K, 0% used [0x000000076b780000,0x000000076b780000,0x000000076bd80000)
  from space 512K, 96% used [0x000000076bd80000,0x000000076bdfc010,0x000000076be00000)
  to   space 3072K, 0% used [0x000000076c680000,0x000000076c680000,0x000000076c980000)
 ParOldGen       total 5632K, used 3936K [0x00000006c2600000, 0x00000006c2b80000, 0x000000076b780000)
  object space 5632K, 69% used [0x00000006c2600000,0x00000006c29d82e0,0x00000006c2b80000)
 Metaspace       used 7456K, capacity 8308K, committed 8448K, reserved 1056768K
  class space    used 902K, capacity 944K, committed 1024K, reserved 1048576K
Event: 0.389 GC heap after
Heap after GC invocations=6 (full 1):
 PSYoungGen      total 6656K, used 0K [0x000000076b780000, 0x000000076c980000, 0x00000007c0000000)
  eden space 6144K, 0% used [0x000000076b780000,0x000000076b780000,0x000000076bd80000)
  from space 512K, 0% used [0x000000076bd80000,0x000000076bd80000,0x000000076be00000)
  to   space 3072K, 0% used [0x000000076c680000,0x000000076c680000,0x000000076c980000)
 ParOldGen       total 5632K, used 4256K [0x00000006c2600000, 0x00000006c2b80000, 0x000000076b780000)
  object space 5632K, 75% used [0x00000006c2600000,0x00000006c2a28228,0x00000006c2b80000)
 Metaspace       used 7456K, capacity 8308K, committed 8448K, reserved 1056768K
  class space    used 902K, capacity 944K, committed 1024K, reserved 1048576K
}
Event: 0.412 GC heap before
{Heap before GC invocations=7 (full 2):
 PSYoungGen      total 6656K, used 6144K [0x000000076b780000, 0x000000076c980000, 0x00000007c0000000)
  eden space 6144K, 100% used [0x000000076b780000,0x000000076bd80000,0x000000076bd80000)
  from space 512K, 0% used [0x000000076bd80000,0x000000076bd80000,0x000000076be00000)
  to   space 3072K, 0% used [0x000000076c680000,0x000000076c680000,0x000000076c980000)
 ParOldGen       total 5632K, used 4256K [0x00000006c2600000, 0x00000006c2b80000, 0x000000076b780000)
  object space 5632K, 75% used [0x00000006c2600000,0x00000006c2a28228,0x00000006c2b80000)
 Metaspace       used 7479K, capacity 8308K, committed 8448K, reserved 1056768K
  class space    used 903K, capacity 944K, committed 1024K, reserved 1048576K
Event: 0.437 GC heap after
Heap after GC invocations=7 (full 2):
 PSYoungGen      total 6656K, used 676K [0x000000076b780000, 0x000000076c980000, 0x00000007c0000000)
  eden space 6144K, 11% used [0x000000076b780000,0x000000076b829270,0x000000076bd80000)
  from space 512K, 0% used [0x000000076bd80000,0x000000076bd80000,0x000000076be00000)
  to   space 3072K, 0% used [0x000000076c680000,0x000000076c680000,0x000000076c980000)
 ParOldGen       total 5632K, used 5425K [0x00000006c2600000, 0x00000006c2b80000, 0x000000076b780000)
  object space 5632K, 96% used [0x00000006c2600000,0x00000006c2b4c4d8,0x00000006c2b80000)
 Metaspace       used 7479K, capacity 8308K, committed 8448K, reserved 1056768K
  class space    used 903K, capacity 944K, committed 1024K, reserved 1048576K
}

