# JRE version: Java(TM) SE Runtime Environment (8.0_311-b11) (build 1.8.0_311-b11)
# Java VM: Java HotSpot(TM) 64-Bit Server VM (25.311-b11 mixed mode windows-amd64 compressed oops)
Heap:
 PSYoungGen      total 75776K, used 41834K [0x000000076b780000, 0x0000000770c00000, 0x00000007c0000000)
  eden space 65024K, 47% used [0x000000076b780000,0x000000076d5dd888,0x000000076f700000)
  from space 10752K, 99% used [0x000000076f700000,0x000000077017d100,0x0000000770180000)
  to   space 10752K, 0% used [0x0000000770180000,0x0000000770180000,0x0000000770c00000)
 ParOldGen       total 78848K, used 12248K [0x00000006c2600000, 0x00000006c7300000, 0x000000076b780000)
  object space 78848K, 15% used [0x00000006c2600000,0x00000006c31f6278,0x00000006c7300000)
 Metaspace       used 29527K, capacity 31258K, committed 31488K, reserved 1077248K
  class space    used 4022K, capacity 4333K, committed 4352K, reserved 1048576K
GC Heap History (8 events):
Event: 4.557 GC heap before
{Heap before GC invocations=1 (full 0):
 PSYoungGen      total 75776K, used 53021K [0x000000076b780000, 0x0000000770c00000, 0x00000007c0000000)
  eden space 65024K, 81% used [0x000000076b780000,0x000000076eb47578,0x000000076f700000)
  from space 10752K, 0% used [0x0000000770180000,0x0000000770180000,0x0000000770c00000)
  to   space 10752K, 0% used [0x000000076f700000,0x000000076f700000,0x0000000770180000)
 ParOldGen       total 173568K, used 0K [0x00000006c2600000, 0x00000006ccf80000, 0x000000076b780000)
  object space 173568K, 0% used [0x00000006c2600000,0x00000006c2600000,0x00000006ccf80000)
 Metaspace       used 20143K, capacity 21098K, committed 21248K, reserved 1067008K
  class space    used 2787K, capacity 3001K, committed 3072K, reserved 1048576K
Event: 4.563 GC heap after
Heap after GC invocations=1 (full 0):
 PSYoungGen      total 75776K, used 10720K [0x000000076b780000, 0x0000000770c00000, 0x00000007c0000000)
  eden space 65024K, 0% used [0x000000076b780000,0x000000076b780000,0x000000076f700000)
  from space 10752K, 99% used [0x000000076f700000,0x0000000770178070,0x0000000770180000)
  to   space 10752K, 0% used [0x0000000770180000,0x0000000770180000,0x0000000770c00000)
 ParOldGen       total 173568K, used 2425K [0x00000006c2600000, 0x00000006ccf80000, 0x000000076b780000)
  object space 173568K, 1% used [0x00000006c2600000,0x00000006c285e6a0,0x00000006ccf80000)
 Metaspace       used 20143K, capacity 21098K, committed 21248K, reserved 1067008K
  class space    used 2787K, capacity 3001K, committed 3072K, reserved 1048576K
}
Event: 4.563 GC heap before
{Heap before GC invocations=2 (full 1):
 PSYoungGen      total 75776K, used 10720K [0x000000076b780000, 0x0000000770c00000, 0x00000007c0000000)
  eden space 65024K, 0% used [0x000000076b780000,0x000000076b780000,0x000000076f700000)
  from space 10752K, 99% used [0x000000076f700000,0x0000000770178070,0x0000000770180000)
  to   space 10752K, 0% used [0x0000000770180000,0x0000000770180000,0x0000000770c00000)
 ParOldGen       total 173568K, used 2425K [0x00000006c2600000, 0x00000006ccf80000, 0x000000076b780000)
  object space 173568K, 1% used [0x00000006c2600000,0x00000006c285e6a0,0x00000006ccf80000)
 Metaspace       used 20143K, capacity 21098K, committed 21248K, reserved 1067008K
  class space    used 2787K, capacity 3001K, committed 3072K, reserved 1048576K
Event: 4.586 GC heap after
Heap after GC invocations=2 (full 1):
 PSYoungGen      total 75776K, used 0K [0x000000076b780000, 0x0000000770c00000, 0x00000007c0000000)
  eden space 65024K, 0% used [0x000000076b780000,0x000000076b780000,0x000000076f700000)
  from space 10752K, 0% used [0x000000076f700000,0x000000076f700000,0x0000000770180000)
  to   space 10752K, 0% used [0x0000000770180000,0x0000000770180000,0x0000000770c00000)
 ParOldGen       total 78848K, used 10923K [0x00000006c2600000, 0x00000006c7300000, 0x000000076b780000)
  object space 78848K, 13% used [0x00000006c2600000,0x00000006c30aad38,0x00000006c7300000)
 Metaspace       used 20143K, capacity 21098K, committed 21248K, reserved 1067008K
  class space    used 2787K, capacity 3001K, committed 3072K, reserved 1048576K
}
Event: 5.763 GC heap before
{Heap before GC invocations=3 (full 1):
 PSYoungGen      total 75776K, used 65024K [0x000000076b780000, 0x0000000770c00000, 0x00000007c0000000)
  eden space 65024K, 100% used [0x000000076b780000,0x000000076f700000,0x000000076f700000)
  from space 10752K, 0% used [0x000000076f700000,0x000000076f700000,0x0000000770180000)
  to   space 10752K, 0% used [0x0000000770180000,0x0000000770180000,0x0000000770c00000)
 ParOldGen       total 78848K, used 10923K [0x00000006c2600000, 0x00000006c7300000, 0x000000076b780000)
  object space 78848K, 13% used [0x00000006c2600000,0x00000006c30aad38,0x00000006c7300000)
 Metaspace       used 27578K, capacity 28884K, committed 29184K, reserved 1075200K
  class space    used 3814K, capacity 4092K, committed 4096K, reserved 1048576K
Event: 5.768 GC heap after
Heap after GC invocations=3 (full 1):
 PSYoungGen      total 75776K, used 6434K [0x000000076b780000, 0x0000000770c00000, 0x00000007c0000000)
  eden space 65024K, 0% used [0x000000076b780000,0x000000076b780000,0x000000076f700000)
  from space 10752K, 59% used [0x0000000770180000,0x00000007707c89f8,0x0000000770c00000)
  to   space 10752K, 0% used [0x000000076f700000,0x000000076f700000,0x0000000770180000)
 ParOldGen       total 78848K, used 10939K [0x00000006c2600000, 0x00000006c7300000, 0x000000076b780000)
  object space 78848K, 13% used [0x00000006c2600000,0x00000006c30aed38,0x00000006c7300000)
 Metaspace       used 27578K, capacity 28884K, committed 29184K, reserved 1075200K
  class space    used 3814K, capacity 4092K, committed 4096K, reserved 1048576K
}
Event: 6.538 GC heap before
{Heap before GC invocations=4 (full 1):
 PSYoungGen      total 75776K, used 71458K [0x000000076b780000, 0x0000000770c00000, 0x00000007c0000000)
  eden space 65024K, 100% used [0x000000076b780000,0x000000076f700000,0x000000076f700000)
  from space 10752K, 59% used [0x0000000770180000,0x00000007707c89f8,0x0000000770c00000)
  to   space 10752K, 0% used [0x000000076f700000,0x000000076f700000,0x0000000770180000)
 ParOldGen       total 78848K, used 10939K [0x00000006c2600000, 0x00000006c7300000, 0x000000076b780000)
  object space 78848K, 13% used [0x00000006c2600000,0x00000006c30aed38,0x00000006c7300000)
 Metaspace       used 29242K, capacity 30982K, committed 31232K, reserved 1077248K
  class space    used 4016K, capacity 4327K, committed 4352K, reserved 1048576K
Event: 6.545 GC heap after
Heap after GC invocations=4 (full 1):
 PSYoungGen      total 75776K, used 10740K [0x000000076b780000, 0x0000000770c00000, 0x00000007c0000000)
  eden space 65024K, 0% used [0x000000076b780000,0x000000076b780000,0x000000076f700000)
  from space 10752K, 99% used [0x000000076f700000,0x000000077017d100,0x0000000770180000)
  to   space 10752K, 0% used [0x0000000770180000,0x0000000770180000,0x0000000770c00000)
 ParOldGen       total 78848K, used 12248K [0x00000006c2600000, 0x00000006c7300000, 0x000000076b780000)
  object space 78848K, 15% used [0x00000006c2600000,0x00000006c31f6278,0x00000006c7300000)
 Metaspace       used 29242K, capacity 30982K, committed 31232K, reserved 1077248K
  class space    used 4016K, capacity 4327K, committed 4352K, reserved 1048576K
}

